<?xml version="1.0" encoding="UTF-8"?>
<!-- Generated by org.testng.reporters.JUnitXMLReporter -->
<testsuite ignored="0" hostname="LAPTOP-TNV8TBO5" failures="0" tests="13" name="Group" time="62.176" errors="0" timestamp="2022-03-23T18:57:55 IST">
  <testcase classname="com.Cognizant.TestScenarios.LoginCognizant" name="setUserIdTest" time="6.271"/>
  <testcase classname="com.Cognizant.TestScenarios.LoginCognizant" name="setPasswordTest" time="4.909"/>
  <testcase classname="com.Cognizant.TestScenarios.LoginCognizant" name="approvalTest" time="27.127"/>
  <testcase classname="com.Cognizant.TestScenarios.CognizantStockPriceDetails" name="getUserInfoTest" time="0.129"/>
  <testcase classname="com.Cognizant.TestScenarios.CognizantStockPriceDetails" name="captureScreenTest" time="2.593"/>
  <testcase classname="com.Cognizant.TestScenarios.CognizantStockPriceDetails" name="getCognizantStockPriceTest" time="0.056"/>
  <testcase classname="com.Cognizant.TestScenarios.CognizantStockPriceDetails" name="getGoogleStockPriceTest" time="5.212"/>
  <testcase classname="com.Cognizant.TestScenarios.CognizantStockPriceDetails" name="captureNewWindowScreenTest" time="2.238"/>
  <testcase classname="com.Cognizant.TestScenarios.CognizantStockPriceDetails" name="compareStockPriceTest" time="0.036"/>
  <testcase classname="com.Cognizant.TestScenarios.CognizantAppsAndTools" name="setWindowTest" time="0.282"/>
  <testcase classname="com.Cognizant.TestScenarios.CognizantAppsAndTools" name="captureScreenTest" time="2.212"/>
  <testcase classname="com.Cognizant.TestScenarios.CognizantAppsAndTools" name="getAppsAndToolsTest" time="0.781"/>
  <testcase classname="com.Cognizant.TestScenarios.CognizantAppsAndTools" name="captureAppsAndToolsTest" time="2.222"/>
</testsuite> <!-- Group -->
