<?xml version="1.0" encoding="UTF-8"?>
<!-- Generated by org.testng.reporters.JUnitXMLReporter -->
<testsuite ignored="0" hostname="DESKTOP-H24QD0D" failures="0" tests="13" name="Test" time="71.454" errors="0" timestamp="2022-06-03T10:17:50 IST">
  <testcase classname="com.Cognizant.TestScenarios.LoginCognizant" name="setUserIdTest" time="6.187"/>
  <testcase classname="com.Cognizant.TestScenarios.LoginCognizant" name="setPasswordTest" time="4.835"/>
  <testcase classname="com.Cognizant.TestScenarios.LoginCognizant" name="approvalTest" time="29.836"/>
  <testcase classname="com.Cognizant.TestScenarios.CognizantStockPriceDetails" name="getUserInfoTest" time="0.231"/>
  <testcase classname="com.Cognizant.TestScenarios.CognizantStockPriceDetails" name="captureScreenTest" time="3.062"/>
  <testcase classname="com.Cognizant.TestScenarios.CognizantStockPriceDetails" name="getCognizantStockPriceTest" time="0.057"/>
  <testcase classname="com.Cognizant.TestScenarios.CognizantStockPriceDetails" name="getGoogleStockPriceTest" time="10.635"/>
  <testcase classname="com.Cognizant.TestScenarios.CognizantStockPriceDetails" name="captureNewWindowScreenTest" time="2.344"/>
  <testcase classname="com.Cognizant.TestScenarios.CognizantStockPriceDetails" name="compareStockPriceTest" time="0.023"/>
  <testcase classname="com.Cognizant.TestScenarios.CognizantAppsAndTools" name="setWindowTest" time="0.219"/>
  <testcase classname="com.Cognizant.TestScenarios.CognizantAppsAndTools" name="captureScreenTest" time="2.437"/>
  <testcase classname="com.Cognizant.TestScenarios.CognizantAppsAndTools" name="getAppsAndToolsTest" time="0.831"/>
  <testcase classname="com.Cognizant.TestScenarios.CognizantAppsAndTools" name="captureAppsAndToolsTest" time="2.467"/>
</testsuite> <!-- Test -->
